[webmock] Handling request: [post https://accounts.spotify.com/api/token "grant_type=client_credentials&client_id=5d30be5477864b7a85c6b14a964d39a8&client_"] (disabled: false)
[webmock] Identified request type (ignored) for [post https://accounts.spotify.com/api/token "grant_type=client_credentials&client_id=5d30be5477864b7a85c6b14a964d39a8&client_"]
[webmock] Handling request: [get https://api.spotify.com/v1/search?limit=1&market=TW&q=%E5%B1%B1%E6%B5%B7&type=track ""] (disabled: false)
[webmock] Identified request type (ignored) for [get https://api.spotify.com/v1/search?limit=1&market=TW&q=%E5%B1%B1%E6%B5%B7&type=track ""]
[webmock] Handling request: [get https://lrclib.net/api/get?artist_name=No%20Party%20For%20Cao%20Dong&track_name=%E5%B1%B1%E6%B5%B7 ""] (disabled: false)
[webmock] Identified request type (ignored) for [get https://lrclib.net/api/get?artist_name=No%20Party%20For%20Cao%20Dong&track_name=%E5%B1%B1%E6%B5%B7 ""]
[webmock] Handling request: [post https://translate.googleapis.com/language/translate/v2/detect?key=AIzaSyDc8ZS7GheiyE8g1vZAcYx5NqUDfWny9bA "{\"q\":[\"我看著 天真的我自己\\n出現在 沒有我的故事裡\\n等待著 我的回應\\n一個為何至此 的原因\\n\\n他明白 他明白 我給不起\\n於是轉身向山裡走去\\"] (disabled: false)
[webmock] Identified request type (ignored) for [post https://translate.googleapis.com/language/translate/v2/detect?key=AIzaSyDc8ZS7GheiyE8g1vZAcYx5NqUDfWny9bA "{\"q\":[\"我看著 天真的我自己\\n出現在 沒有我的故事裡\\n等待著 我的回應\\n一個為何至此 的原因\\n\\n他明白 他明白 我給不起\\n於是轉身向山裡走去\\"]
[Cassette: 'spotify_api'] Initialized with options: {:record=>:new_episodes, :record_on_error=>true, :match_requests_on=>[:method, :body], :allow_unused_http_interactions=>true, :drop_unused_requests=>false, :serialize_with=>:yaml, :persist_with=>:file_system, :persister_options=>{}}
[webmock] Handling request: [post https://accounts.spotify.com/api/token "grant_type=client_credentials&client_id=5d30be5477864b7a85c6b14a964d39a8&client_"] (disabled: false)
[webmock] Identified request type (ignored) for [post https://accounts.spotify.com/api/token "grant_type=client_credentials&client_id=5d30be5477864b7a85c6b14a964d39a8&client_"]
[webmock] Handling request: [get https://api.spotify.com/v1/search?limit=1&market=TW&q=%E5%B1%B1%E6%B5%B7&type=track ""] (disabled: false)
[webmock] Identified request type (ignored) for [get https://api.spotify.com/v1/search?limit=1&market=TW&q=%E5%B1%B1%E6%B5%B7&type=track ""]
[webmock] Handling request: [get https://lrclib.net/api/get?artist_name=No%20Party%20For%20Cao%20Dong&track_name=%E5%B1%B1%E6%B5%B7 ""] (disabled: false)
[webmock] Identified request type (ignored) for [get https://lrclib.net/api/get?artist_name=No%20Party%20For%20Cao%20Dong&track_name=%E5%B1%B1%E6%B5%B7 ""]
[webmock] Handling request: [post https://translate.googleapis.com/language/translate/v2/detect?key=AIzaSyDc8ZS7GheiyE8g1vZAcYx5NqUDfWny9bA "{\"q\":[\"我看著 天真的我自己\\n出現在 沒有我的故事裡\\n等待著 我的回應\\n一個為何至此 的原因\\n\\n他明白 他明白 我給不起\\n於是轉身向山裡走去\\"] (disabled: false)
[webmock] Identified request type (ignored) for [post https://translate.googleapis.com/language/translate/v2/detect?key=AIzaSyDc8ZS7GheiyE8g1vZAcYx5NqUDfWny9bA "{\"q\":[\"我看著 天真的我自己\\n出現在 沒有我的故事裡\\n等待著 我的回應\\n一個為何至此 的原因\\n\\n他明白 他明白 我給不起\\n於是轉身向山裡走去\\"]
[Cassette: 'spotify_api'] Initialized with options: {:record=>:new_episodes, :record_on_error=>true, :match_requests_on=>[:method, :body], :allow_unused_http_interactions=>true, :drop_unused_requests=>false, :serialize_with=>:yaml, :persist_with=>:file_system, :persister_options=>{}}
[webmock] Handling request: [post https://accounts.spotify.com/api/token "grant_type=client_credentials&client_id=5d30be5477864b7a85c6b14a964d39a8&client_"] (disabled: false)
[webmock] Identified request type (ignored) for [post https://accounts.spotify.com/api/token "grant_type=client_credentials&client_id=5d30be5477864b7a85c6b14a964d39a8&client_"]
[Cassette: 'api'] Initialized with options: {:record=>:new_episodes, :record_on_error=>true, :match_requests_on=>[:uri, :method, :body], :allow_unused_http_interactions=>true, :drop_unused_requests=>false, :serialize_with=>:yaml, :persist_with=>:file_system, :persister_options=>{}}
[webmock] Handling request: [post https://accounts.spotify.com/api/token "grant_type=client_credentials&client_id=5d30be5477864b7a85c6b14a964d39a8&client_"] (disabled: false)
[webmock] Identified request type (ignored) for [post https://accounts.spotify.com/api/token "grant_type=client_credentials&client_id=5d30be5477864b7a85c6b14a964d39a8&client_"]
[webmock] Handling request: [get https://api.spotify.com/v1/search?limit=1&market=TW&q=%E5%91%8A%E4%BA%94%E4%BA%BA%20%E5%A5%BD%E4%B8%8D%E5%AE%B9%E6%98%93&type=track ""] (disabled: false)
[webmock] Identified request type (ignored) for [get https://api.spotify.com/v1/search?limit=1&market=TW&q=%E5%91%8A%E4%BA%94%E4%BA%BA%20%E5%A5%BD%E4%B8%8D%E5%AE%B9%E6%98%93&type=track ""]
[webmock] Handling request: [get https://lrclib.net/api/get?artist_name=%E5%91%8A%E4%BA%94%E4%BA%BA&track_name=%E5%A5%BD%E4%B8%8D%E5%AE%B9%E6%98%93%20(%E3%80%8A%E8%8F%AF%E7%87%88%E5%88%9D%E4%B8%8A%E3%80%8B%E7%89%87%E5%B0%BE%E6%9B%B2) ""] (disabled: false)
[webmock] Identified request type (ignored) for [get https://lrclib.net/api/get?artist_name=%E5%91%8A%E4%BA%94%E4%BA%BA&track_name=%E5%A5%BD%E4%B8%8D%E5%AE%B9%E6%98%93%20(%E3%80%8A%E8%8F%AF%E7%87%88%E5%88%9D%E4%B8%8A%E3%80%8B%E7%89%87%E5%B0%BE%E6%9B%B2) ""]
[webmock] Handling request: [post https://translate.googleapis.com/language/translate/v2/detect?key=AIzaSyDc8ZS7GheiyE8g1vZAcYx5NqUDfWny9bA "{\"q\":[\"城市滴答 小巷滴答 沈默滴答\\n你的手慢熱的體溫\\n方向錯亂 天氣預報 不準 雨傘忘了拿\\n我的手無處安放\\n包括我的心 像旋轉木馬\\n\\n或許這"] (disabled: false)
[webmock] Identified request type (ignored) for [post https://translate.googleapis.com/language/translate/v2/detect?key=AIzaSyDc8ZS7GheiyE8g1vZAcYx5NqUDfWny9bA "{\"q\":[\"城市滴答 小巷滴答 沈默滴答\\n你的手慢熱的體溫\\n方向錯亂 天氣預報 不準 雨傘忘了拿\\n我的手無處安放\\n包括我的心 像旋轉木馬\\n\\n或許這"]
[webmock] Handling request: [post https://sqs.ap-northeast-1.amazonaws.com/440744214769/lyriclab-tristan-q "{\"MessageBody\":\"{\\\"song\\\":{\\\"title\\\":\\\"好不容易 (《華燈初上》片尾曲)\\\",\\\"origin_id\\\":\\\"6jNy9W"] (disabled: false)
[webmock] Identified request type (ignored) for [post https://sqs.ap-northeast-1.amazonaws.com/440744214769/lyriclab-tristan-q "{\"MessageBody\":\"{\\\"song\\\":{\\\"title\\\":\\\"好不容易 (《華燈初上》片尾曲)\\\",\\\"origin_id\\\":\\\"6jNy9W"]
